[0.566s] Invoking command in '/home/rahul/ardu_ws/src/data_collector': PYTHONPATH=/home/rahul/ardu_ws/src/data_collector/build/data_collector/prefix_override:/usr/lib/python3/dist-packages/colcon_core/task/python/colcon_distutils_commands:/home/rahul/ardu_ws/src/data_collector/install/data_collector/lib/python3.10/site-packages:${PYTHONPATH} /usr/bin/python3 -W ignore:setup.py install is deprecated -W ignore:easy_install command is deprecated setup.py egg_info --egg-base build/data_collector build --build-base /home/rahul/ardu_ws/src/data_collector/build/data_collector/build install --record /home/rahul/ardu_ws/src/data_collector/build/data_collector/install.log --single-version-externally-managed install_data
[0.772s] running egg_info
[0.783s] writing build/data_collector/data_collector.egg-info/PKG-INFO
[0.784s] writing dependency_links to build/data_collector/data_collector.egg-info/dependency_links.txt
[0.784s] writing entry points to build/data_collector/data_collector.egg-info/entry_points.txt
[0.784s] writing requirements to build/data_collector/data_collector.egg-info/requires.txt
[0.784s] writing top-level names to build/data_collector/data_collector.egg-info/top_level.txt
[0.809s] reading manifest file 'build/data_collector/data_collector.egg-info/SOURCES.txt'
[0.811s] writing manifest file 'build/data_collector/data_collector.egg-info/SOURCES.txt'
[0.812s] running build
[0.812s] running build_py
[0.812s] copying data_collector/__init__.py -> /home/rahul/ardu_ws/src/data_collector/build/data_collector/build/lib/data_collector
[0.812s] copying data_collector/my_node.py -> /home/rahul/ardu_ws/src/data_collector/build/data_collector/build/lib/data_collector
[0.812s] running install
[0.818s] running install_lib
[0.832s] copying /home/rahul/ardu_ws/src/data_collector/build/data_collector/build/lib/data_collector/my_node.py -> /home/rahul/ardu_ws/src/data_collector/install/data_collector/lib/python3.10/site-packages/data_collector
[0.833s] byte-compiling /home/rahul/ardu_ws/src/data_collector/install/data_collector/lib/python3.10/site-packages/data_collector/my_node.py to my_node.cpython-310.pyc
[0.835s] running install_data
[0.835s] running install_egg_info
[0.848s] removing '/home/rahul/ardu_ws/src/data_collector/install/data_collector/lib/python3.10/site-packages/data_collector-0.0.0-py3.10.egg-info' (and everything under it)
[0.848s] Copying build/data_collector/data_collector.egg-info to /home/rahul/ardu_ws/src/data_collector/install/data_collector/lib/python3.10/site-packages/data_collector-0.0.0-py3.10.egg-info
[0.849s] running install_scripts
[0.873s] Installing my_node script to /home/rahul/ardu_ws/src/data_collector/install/data_collector/lib/data_collector
[0.873s] writing list of installed files to '/home/rahul/ardu_ws/src/data_collector/build/data_collector/install.log'
[0.893s] Invoked command in '/home/rahul/ardu_ws/src/data_collector' returned '0': PYTHONPATH=/home/rahul/ardu_ws/src/data_collector/build/data_collector/prefix_override:/usr/lib/python3/dist-packages/colcon_core/task/python/colcon_distutils_commands:/home/rahul/ardu_ws/src/data_collector/install/data_collector/lib/python3.10/site-packages:${PYTHONPATH} /usr/bin/python3 -W ignore:setup.py install is deprecated -W ignore:easy_install command is deprecated setup.py egg_info --egg-base build/data_collector build --build-base /home/rahul/ardu_ws/src/data_collector/build/data_collector/build install --record /home/rahul/ardu_ws/src/data_collector/build/data_collector/install.log --single-version-externally-managed install_data
