[0.548s] Invoking command in '/home/rahul/ardu_ws/src/data_collector-main': PYTHONPATH=/home/rahul/ardu_ws/src/data_collector-main/build/data_collector/prefix_override:/usr/lib/python3/dist-packages/colcon_core/task/python/colcon_distutils_commands:/home/rahul/ardu_ws/src/data_collector-main/install/data_collector/lib/python3.10/site-packages:${PYTHONPATH} /usr/bin/python3 -W ignore:setup.py install is deprecated -W ignore:easy_install command is deprecated setup.py egg_info --egg-base build/data_collector build --build-base /home/rahul/ardu_ws/src/data_collector-main/build/data_collector/build install --record /home/rahul/ardu_ws/src/data_collector-main/build/data_collector/install.log --single-version-externally-managed install_data
[0.755s] running egg_info
[0.766s] writing build/data_collector/data_collector.egg-info/PKG-INFO
[0.767s] writing dependency_links to build/data_collector/data_collector.egg-info/dependency_links.txt
[0.767s] writing entry points to build/data_collector/data_collector.egg-info/entry_points.txt
[0.767s] writing requirements to build/data_collector/data_collector.egg-info/requires.txt
[0.767s] writing top-level names to build/data_collector/data_collector.egg-info/top_level.txt
[0.790s] reading manifest file 'build/data_collector/data_collector.egg-info/SOURCES.txt'
[0.790s] adding license file 'LICENSE'
[0.791s] writing manifest file 'build/data_collector/data_collector.egg-info/SOURCES.txt'
[0.791s] running build
[0.791s] running build_py
[0.792s] running install
[0.795s] running install_lib
[0.807s] running install_data
[0.807s] running install_egg_info
[0.824s] removing '/home/rahul/ardu_ws/src/data_collector-main/install/data_collector/lib/python3.10/site-packages/data_collector-0.0.0-py3.10.egg-info' (and everything under it)
[0.824s] Copying build/data_collector/data_collector.egg-info to /home/rahul/ardu_ws/src/data_collector-main/install/data_collector/lib/python3.10/site-packages/data_collector-0.0.0-py3.10.egg-info
[0.825s] running install_scripts
[0.850s] Installing my_node script to /home/rahul/ardu_ws/src/data_collector-main/install/data_collector/lib/data_collector
[0.850s] writing list of installed files to '/home/rahul/ardu_ws/src/data_collector-main/build/data_collector/install.log'
[0.871s] Invoked command in '/home/rahul/ardu_ws/src/data_collector-main' returned '0': PYTHONPATH=/home/rahul/ardu_ws/src/data_collector-main/build/data_collector/prefix_override:/usr/lib/python3/dist-packages/colcon_core/task/python/colcon_distutils_commands:/home/rahul/ardu_ws/src/data_collector-main/install/data_collector/lib/python3.10/site-packages:${PYTHONPATH} /usr/bin/python3 -W ignore:setup.py install is deprecated -W ignore:easy_install command is deprecated setup.py egg_info --egg-base build/data_collector build --build-base /home/rahul/ardu_ws/src/data_collector-main/build/data_collector/build install --record /home/rahul/ardu_ws/src/data_collector-main/build/data_collector/install.log --single-version-externally-managed install_data
