[0.168s] DEBUG:colcon:Command line arguments: ['/usr/bin/colcon', 'build']
[0.168s] DEBUG:colcon:Parsed command line arguments: Namespace(log_base=None, log_level=None, verb_name='build', build_base='build', install_base='install', merge_install=False, symlink_install=False, test_result_base=None, continue_on_error=False, executor='parallel', parallel_workers=4, event_handlers=None, ignore_user_meta=False, metas=['./colcon.meta'], base_paths=['.'], packages_ignore=None, packages_ignore_regex=None, paths=None, packages_up_to=None, packages_up_to_regex=None, packages_above=None, packages_above_and_dependencies=None, packages_above_depth=None, packages_select_by_dep=None, packages_skip_by_dep=None, packages_skip_up_to=None, packages_select_build_failed=False, packages_skip_build_finished=False, packages_select_test_failures=False, packages_skip_test_passed=False, packages_select=None, packages_skip=None, packages_select_regex=None, packages_skip_regex=None, packages_start=None, packages_end=None, allow_overriding=[], cmake_args=None, cmake_target=None, cmake_target_skip_unavailable=False, cmake_clean_cache=False, cmake_clean_first=False, cmake_force_configure=False, ament_cmake_args=None, catkin_cmake_args=None, catkin_skip_building_tests=False, mixin_files=None, mixin=None, verb_parser=<colcon_mixin.mixin.mixin_argument.MixinArgumentDecorator object at 0x767aaf55ecb0>, verb_extension=<colcon_core.verb.build.BuildVerb object at 0x767aaf6a4340>, main=<bound method BuildVerb.main of <colcon_core.verb.build.BuildVerb object at 0x767aaf6a4340>>, mixin_verb=('build',))
[0.225s] Level 1:colcon.colcon_core.package_discovery:discover_packages(colcon_meta) check parameters
[0.226s] Level 1:colcon.colcon_core.package_discovery:discover_packages(recursive) check parameters
[0.226s] Level 1:colcon.colcon_core.package_discovery:discover_packages(ignore) check parameters
[0.226s] Level 1:colcon.colcon_core.package_discovery:discover_packages(path) check parameters
[0.226s] Level 1:colcon.colcon_core.package_discovery:discover_packages(colcon_meta) discover
[0.226s] Level 1:colcon.colcon_core.package_discovery:discover_packages(recursive) discover
[0.226s] INFO:colcon.colcon_core.package_discovery:Crawling recursively for packages in '/home/rahul/ardu_ws/src/data_collector'
[0.226s] Level 1:colcon.colcon_core.package_identification:_identify(.) by extensions ['ignore', 'ignore_ament_install']
[0.226s] Level 1:colcon.colcon_core.package_identification:_identify(.) by extension 'ignore'
[0.226s] Level 1:colcon.colcon_core.package_identification:_identify(.) by extension 'ignore_ament_install'
[0.226s] Level 1:colcon.colcon_core.package_identification:_identify(.) by extensions ['colcon_pkg']
[0.226s] Level 1:colcon.colcon_core.package_identification:_identify(.) by extension 'colcon_pkg'
[0.226s] Level 1:colcon.colcon_core.package_identification:_identify(.) by extensions ['colcon_meta']
[0.226s] Level 1:colcon.colcon_core.package_identification:_identify(.) by extension 'colcon_meta'
[0.226s] Level 1:colcon.colcon_core.package_identification:_identify(.) by extensions ['ros']
[0.226s] Level 1:colcon.colcon_core.package_identification:_identify(.) by extension 'ros'
[0.246s] DEBUG:colcon.colcon_core.package_identification:Package '.' with type 'ros.ament_python' and name 'data_collector'
[0.246s] Level 1:colcon.colcon_core.package_discovery:discover_packages(recursive) using defaults
[0.246s] Level 1:colcon.colcon_core.package_discovery:discover_packages(ignore) discover
[0.246s] Level 1:colcon.colcon_core.package_discovery:discover_packages(ignore) using defaults
[0.246s] Level 1:colcon.colcon_core.package_discovery:discover_packages(path) discover
[0.246s] Level 1:colcon.colcon_core.package_discovery:discover_packages(path) using defaults
[0.268s] Level 1:colcon.colcon_core.package_discovery:discover_packages(prefix_path) check parameters
[0.268s] Level 1:colcon.colcon_core.package_discovery:discover_packages(prefix_path) discover
[0.270s] DEBUG:colcon.colcon_installed_package_information.package_discovery:Found 276 installed packages in /opt/ros/humble
[0.271s] Level 1:colcon.colcon_core.package_discovery:discover_packages(prefix_path) using defaults
[0.297s] Level 5:colcon.colcon_core.verb:set package 'data_collector' build argument 'cmake_args' from command line to 'None'
[0.297s] Level 5:colcon.colcon_core.verb:set package 'data_collector' build argument 'cmake_target' from command line to 'None'
[0.297s] Level 5:colcon.colcon_core.verb:set package 'data_collector' build argument 'cmake_target_skip_unavailable' from command line to 'False'
[0.297s] Level 5:colcon.colcon_core.verb:set package 'data_collector' build argument 'cmake_clean_cache' from command line to 'False'
[0.297s] Level 5:colcon.colcon_core.verb:set package 'data_collector' build argument 'cmake_clean_first' from command line to 'False'
[0.297s] Level 5:colcon.colcon_core.verb:set package 'data_collector' build argument 'cmake_force_configure' from command line to 'False'
[0.297s] Level 5:colcon.colcon_core.verb:set package 'data_collector' build argument 'ament_cmake_args' from command line to 'None'
[0.297s] Level 5:colcon.colcon_core.verb:set package 'data_collector' build argument 'catkin_cmake_args' from command line to 'None'
[0.297s] Level 5:colcon.colcon_core.verb:set package 'data_collector' build argument 'catkin_skip_building_tests' from command line to 'False'
[0.297s] DEBUG:colcon.colcon_core.verb:Building package 'data_collector' with the following arguments: {'ament_cmake_args': None, 'build_base': '/home/rahul/ardu_ws/src/data_collector/build/data_collector', 'catkin_cmake_args': None, 'catkin_skip_building_tests': False, 'cmake_args': None, 'cmake_clean_cache': False, 'cmake_clean_first': False, 'cmake_force_configure': False, 'cmake_target': None, 'cmake_target_skip_unavailable': False, 'install_base': '/home/rahul/ardu_ws/src/data_collector/install/data_collector', 'merge_install': False, 'path': '/home/rahul/ardu_ws/src/data_collector', 'symlink_install': False, 'test_result_base': None}
[0.297s] INFO:colcon.colcon_core.executor:Executing jobs using 'parallel' executor
[0.298s] DEBUG:colcon.colcon_parallel_executor.executor.parallel:run_until_complete
[0.298s] INFO:colcon.colcon_ros.task.ament_python.build:Building ROS package in '/home/rahul/ardu_ws/src/data_collector' with build type 'ament_python'
[0.298s] Level 1:colcon.colcon_core.shell:create_environment_hook('data_collector', 'ament_prefix_path')
[0.302s] INFO:colcon.colcon_core.plugin_system:Skipping extension 'colcon_core.shell.bat': Not used on non-Windows systems
[0.302s] INFO:colcon.colcon_core.shell:Creating environment hook '/home/rahul/ardu_ws/src/data_collector/install/data_collector/share/data_collector/hook/ament_prefix_path.ps1'
[0.303s] INFO:colcon.colcon_core.shell:Creating environment descriptor '/home/rahul/ardu_ws/src/data_collector/install/data_collector/share/data_collector/hook/ament_prefix_path.dsv'
[0.303s] INFO:colcon.colcon_core.shell:Creating environment hook '/home/rahul/ardu_ws/src/data_collector/install/data_collector/share/data_collector/hook/ament_prefix_path.sh'
[0.304s] INFO:colcon.colcon_core.shell:Skip shell extension 'powershell' for command environment: Not usable outside of PowerShell
[0.304s] DEBUG:colcon.colcon_core.shell:Skip shell extension 'dsv' for command environment
[0.475s] INFO:colcon.colcon_core.task.python.build:Building Python package in '/home/rahul/ardu_ws/src/data_collector'
[0.476s] INFO:colcon.colcon_core.shell:Skip shell extension 'powershell' for command environment: Not usable outside of PowerShell
[0.476s] DEBUG:colcon.colcon_core.shell:Skip shell extension 'dsv' for command environment
[0.853s] DEBUG:colcon.colcon_core.event_handler.log_command:Invoking command in '/home/rahul/ardu_ws/src/data_collector': PYTHONPATH=/home/rahul/ardu_ws/src/data_collector/build/data_collector/prefix_override:/usr/lib/python3/dist-packages/colcon_core/task/python/colcon_distutils_commands:/home/rahul/ardu_ws/src/data_collector/install/data_collector/lib/python3.10/site-packages:${PYTHONPATH} /usr/bin/python3 -W ignore:setup.py install is deprecated -W ignore:easy_install command is deprecated setup.py egg_info --egg-base build/data_collector build --build-base /home/rahul/ardu_ws/src/data_collector/build/data_collector/build install --record /home/rahul/ardu_ws/src/data_collector/build/data_collector/install.log --single-version-externally-managed install_data
[1.176s] DEBUG:colcon.colcon_core.event_handler.log_command:Invoked command in '/home/rahul/ardu_ws/src/data_collector' returned '0': PYTHONPATH=/home/rahul/ardu_ws/src/data_collector/build/data_collector/prefix_override:/usr/lib/python3/dist-packages/colcon_core/task/python/colcon_distutils_commands:/home/rahul/ardu_ws/src/data_collector/install/data_collector/lib/python3.10/site-packages:${PYTHONPATH} /usr/bin/python3 -W ignore:setup.py install is deprecated -W ignore:easy_install command is deprecated setup.py egg_info --egg-base build/data_collector build --build-base /home/rahul/ardu_ws/src/data_collector/build/data_collector/build install --record /home/rahul/ardu_ws/src/data_collector/build/data_collector/install.log --single-version-externally-managed install_data
[1.180s] Level 1:colcon.colcon_core.environment:checking '/home/rahul/ardu_ws/src/data_collector/install/data_collector' for CMake module files
[1.181s] Level 1:colcon.colcon_core.environment:checking '/home/rahul/ardu_ws/src/data_collector/install/data_collector' for CMake config files
[1.181s] Level 1:colcon.colcon_core.environment:checking '/home/rahul/ardu_ws/src/data_collector/install/data_collector/lib'
[1.181s] Level 1:colcon.colcon_core.environment:checking '/home/rahul/ardu_ws/src/data_collector/install/data_collector/bin'
[1.181s] Level 1:colcon.colcon_core.environment:checking '/home/rahul/ardu_ws/src/data_collector/install/data_collector/lib/pkgconfig/data_collector.pc'
[1.182s] Level 1:colcon.colcon_core.environment:checking '/home/rahul/ardu_ws/src/data_collector/install/data_collector/lib/python3.10/site-packages'
[1.182s] Level 1:colcon.colcon_core.shell:create_environment_hook('data_collector', 'pythonpath')
[1.182s] INFO:colcon.colcon_core.shell:Creating environment hook '/home/rahul/ardu_ws/src/data_collector/install/data_collector/share/data_collector/hook/pythonpath.ps1'
[1.182s] INFO:colcon.colcon_core.shell:Creating environment descriptor '/home/rahul/ardu_ws/src/data_collector/install/data_collector/share/data_collector/hook/pythonpath.dsv'
[1.182s] INFO:colcon.colcon_core.shell:Creating environment hook '/home/rahul/ardu_ws/src/data_collector/install/data_collector/share/data_collector/hook/pythonpath.sh'
[1.183s] Level 1:colcon.colcon_core.environment:checking '/home/rahul/ardu_ws/src/data_collector/install/data_collector/bin'
[1.183s] Level 1:colcon.colcon_core.environment:create_environment_scripts_only(data_collector)
[1.183s] INFO:colcon.colcon_core.shell:Creating package script '/home/rahul/ardu_ws/src/data_collector/install/data_collector/share/data_collector/package.ps1'
[1.184s] INFO:colcon.colcon_core.shell:Creating package descriptor '/home/rahul/ardu_ws/src/data_collector/install/data_collector/share/data_collector/package.dsv'
[1.184s] INFO:colcon.colcon_core.shell:Creating package script '/home/rahul/ardu_ws/src/data_collector/install/data_collector/share/data_collector/package.sh'
[1.185s] INFO:colcon.colcon_core.shell:Creating package script '/home/rahul/ardu_ws/src/data_collector/install/data_collector/share/data_collector/package.bash'
[1.186s] INFO:colcon.colcon_core.shell:Creating package script '/home/rahul/ardu_ws/src/data_collector/install/data_collector/share/data_collector/package.zsh'
[1.187s] Level 1:colcon.colcon_core.environment:create_file_with_runtime_dependencies(/home/rahul/ardu_ws/src/data_collector/install/data_collector/share/colcon-core/packages/data_collector)
[1.187s] DEBUG:colcon.colcon_parallel_executor.executor.parallel:closing loop
[1.187s] DEBUG:colcon.colcon_parallel_executor.executor.parallel:loop closed
[1.188s] DEBUG:colcon.colcon_parallel_executor.executor.parallel:run_until_complete finished with '0'
[1.188s] DEBUG:colcon.colcon_core.event_reactor:joining thread
[1.194s] INFO:colcon.colcon_core.plugin_system:Skipping extension 'colcon_notification.desktop_notification.terminal_notifier': Not used on non-Darwin systems
[1.194s] INFO:colcon.colcon_core.plugin_system:Skipping extension 'colcon_notification.desktop_notification.win32': Not used on non-Windows systems
[1.194s] INFO:colcon.colcon_notification.desktop_notification:Sending desktop notification using 'notify2'
[1.211s] DEBUG:colcon.colcon_core.event_reactor:joined thread
[1.211s] INFO:colcon.colcon_core.shell:Creating prefix script '/home/rahul/ardu_ws/src/data_collector/install/local_setup.ps1'
[1.212s] INFO:colcon.colcon_core.shell:Creating prefix util module '/home/rahul/ardu_ws/src/data_collector/install/_local_setup_util_ps1.py'
[1.214s] INFO:colcon.colcon_core.shell:Creating prefix chain script '/home/rahul/ardu_ws/src/data_collector/install/setup.ps1'
[1.215s] INFO:colcon.colcon_core.shell:Creating prefix script '/home/rahul/ardu_ws/src/data_collector/install/local_setup.sh'
[1.215s] INFO:colcon.colcon_core.shell:Creating prefix util module '/home/rahul/ardu_ws/src/data_collector/install/_local_setup_util_sh.py'
[1.216s] INFO:colcon.colcon_core.shell:Creating prefix chain script '/home/rahul/ardu_ws/src/data_collector/install/setup.sh'
[1.216s] INFO:colcon.colcon_core.shell:Creating prefix script '/home/rahul/ardu_ws/src/data_collector/install/local_setup.bash'
[1.217s] INFO:colcon.colcon_core.shell:Creating prefix chain script '/home/rahul/ardu_ws/src/data_collector/install/setup.bash'
[1.218s] INFO:colcon.colcon_core.shell:Creating prefix script '/home/rahul/ardu_ws/src/data_collector/install/local_setup.zsh'
[1.219s] INFO:colcon.colcon_core.shell:Creating prefix chain script '/home/rahul/ardu_ws/src/data_collector/install/setup.zsh'
