[0.526s] Invoking command in '/home/rahul/ardu_ws/src/data_collector-main': PYTHONPATH=/home/rahul/ardu_ws/src/data_collector-main/build/data_collector/prefix_override:/usr/lib/python3/dist-packages/colcon_core/task/python/colcon_distutils_commands:/home/rahul/ardu_ws/src/data_collector-main/install/data_collector/lib/python3.10/site-packages:${PYTHONPATH} /usr/bin/python3 -W ignore:setup.py install is deprecated -W ignore:easy_install command is deprecated setup.py egg_info --egg-base build/data_collector build --build-base /home/rahul/ardu_ws/src/data_collector-main/build/data_collector/build install --record /home/rahul/ardu_ws/src/data_collector-main/build/data_collector/install.log --single-version-externally-managed install_data
[0.719s] running egg_info
[0.731s] writing build/data_collector/data_collector.egg-info/PKG-INFO
[0.737s] writing dependency_links to build/data_collector/data_collector.egg-info/dependency_links.txt
[0.740s] writing entry points to build/data_collector/data_collector.egg-info/entry_points.txt
[0.740s] writing requirements to build/data_collector/data_collector.egg-info/requires.txt
[0.740s] writing top-level names to build/data_collector/data_collector.egg-info/top_level.txt
[0.764s] reading manifest file 'build/data_collector/data_collector.egg-info/SOURCES.txt'
[0.765s] adding license file 'LICENSE'
[0.765s] writing manifest file 'build/data_collector/data_collector.egg-info/SOURCES.txt'
[0.766s] running build
[0.766s] running build_py
[0.766s] copying data_collector/my_node.py -> /home/rahul/ardu_ws/src/data_collector-main/build/data_collector/build/lib/data_collector
[0.766s] running install
[0.770s] running install_lib
[0.781s] copying /home/rahul/ardu_ws/src/data_collector-main/build/data_collector/build/lib/data_collector/my_node.py -> /home/rahul/ardu_ws/src/data_collector-main/install/data_collector/lib/python3.10/site-packages/data_collector
[0.782s] byte-compiling /home/rahul/ardu_ws/src/data_collector-main/install/data_collector/lib/python3.10/site-packages/data_collector/my_node.py to my_node.cpython-310.pyc
[0.784s] running install_data
[0.784s] running install_egg_info
[0.796s] removing '/home/rahul/ardu_ws/src/data_collector-main/install/data_collector/lib/python3.10/site-packages/data_collector-0.0.0-py3.10.egg-info' (and everything under it)
[0.797s] Copying build/data_collector/data_collector.egg-info to /home/rahul/ardu_ws/src/data_collector-main/install/data_collector/lib/python3.10/site-packages/data_collector-0.0.0-py3.10.egg-info
[0.797s] running install_scripts
[0.826s] Installing my_node script to /home/rahul/ardu_ws/src/data_collector-main/install/data_collector/lib/data_collector
[0.826s] writing list of installed files to '/home/rahul/ardu_ws/src/data_collector-main/build/data_collector/install.log'
[0.847s] Invoked command in '/home/rahul/ardu_ws/src/data_collector-main' returned '0': PYTHONPATH=/home/rahul/ardu_ws/src/data_collector-main/build/data_collector/prefix_override:/usr/lib/python3/dist-packages/colcon_core/task/python/colcon_distutils_commands:/home/rahul/ardu_ws/src/data_collector-main/install/data_collector/lib/python3.10/site-packages:${PYTHONPATH} /usr/bin/python3 -W ignore:setup.py install is deprecated -W ignore:easy_install command is deprecated setup.py egg_info --egg-base build/data_collector build --build-base /home/rahul/ardu_ws/src/data_collector-main/build/data_collector/build install --record /home/rahul/ardu_ws/src/data_collector-main/build/data_collector/install.log --single-version-externally-managed install_data
