running egg_info
creating build/data_collector/data_collector.egg-info
writing build/data_collector/data_collector.egg-info/PKG-INFO
writing dependency_links to build/data_collector/data_collector.egg-info/dependency_links.txt
writing entry points to build/data_collector/data_collector.egg-info/entry_points.txt
writing requirements to build/data_collector/data_collector.egg-info/requires.txt
writing top-level names to build/data_collector/data_collector.egg-info/top_level.txt
writing manifest file 'build/data_collector/data_collector.egg-info/SOURCES.txt'
reading manifest file 'build/data_collector/data_collector.egg-info/SOURCES.txt'
writing manifest file 'build/data_collector/data_collector.egg-info/SOURCES.txt'
running build
running build_py
creating /home/aaditya/ardu_ws/src/data_collector/build/data_collector/build/lib/data_collector
copying data_collector/my_node.py -> /home/aaditya/ardu_ws/src/data_collector/build/data_collector/build/lib/data_collector
copying data_collector/__init__.py -> /home/aaditya/ardu_ws/src/data_collector/build/data_collector/build/lib/data_collector
running install
running install_lib
creating /home/aaditya/ardu_ws/src/data_collector/install/data_collector/lib/python3.10/site-packages/data_collector
copying /home/aaditya/ardu_ws/src/data_collector/build/data_collector/build/lib/data_collector/my_node.py -> /home/aaditya/ardu_ws/src/data_collector/install/data_collector/lib/python3.10/site-packages/data_collector
copying /home/aaditya/ardu_ws/src/data_collector/build/data_collector/build/lib/data_collector/__init__.py -> /home/aaditya/ardu_ws/src/data_collector/install/data_collector/lib/python3.10/site-packages/data_collector
byte-compiling /home/aaditya/ardu_ws/src/data_collector/install/data_collector/lib/python3.10/site-packages/data_collector/my_node.py to my_node.cpython-310.pyc
byte-compiling /home/aaditya/ardu_ws/src/data_collector/install/data_collector/lib/python3.10/site-packages/data_collector/__init__.py to __init__.cpython-310.pyc
running install_data
creating /home/aaditya/ardu_ws/src/data_collector/install/data_collector/share/ament_index/resource_index/packages
copying resource/data_collector -> /home/aaditya/ardu_ws/src/data_collector/install/data_collector/share/ament_index/resource_index/packages
copying package.xml -> /home/aaditya/ardu_ws/src/data_collector/install/data_collector/share/data_collector
running install_egg_info
Copying build/data_collector/data_collector.egg-info to /home/aaditya/ardu_ws/src/data_collector/install/data_collector/lib/python3.10/site-packages/data_collector-0.0.0-py3.10.egg-info
running install_scripts
Installing my_node script to /home/aaditya/ardu_ws/src/data_collector/install/data_collector/lib/data_collector
writing list of installed files to '/home/aaditya/ardu_ws/src/data_collector/build/data_collector/install.log'
