[0.429s] Invoking command in '/home/aaditya/ardu_ws/src/data_collector': PYTHONPATH=/home/aaditya/ardu_ws/src/data_collector/build/data_collector/prefix_override:/usr/lib/python3/dist-packages/colcon_core/task/python/colcon_distutils_commands:/home/aaditya/ardu_ws/src/data_collector/install/data_collector/lib/python3.10/site-packages:${PYTHONPATH} /usr/bin/python3 -W ignore:setup.py install is deprecated -W ignore:easy_install command is deprecated setup.py egg_info --egg-base build/data_collector build --build-base /home/aaditya/ardu_ws/src/data_collector/build/data_collector/build install --record /home/aaditya/ardu_ws/src/data_collector/build/data_collector/install.log --single-version-externally-managed install_data
[0.596s] running egg_info
[0.604s] writing build/data_collector/data_collector.egg-info/PKG-INFO
[0.604s] writing dependency_links to build/data_collector/data_collector.egg-info/dependency_links.txt
[0.604s] writing entry points to build/data_collector/data_collector.egg-info/entry_points.txt
[0.604s] writing requirements to build/data_collector/data_collector.egg-info/requires.txt
[0.604s] writing top-level names to build/data_collector/data_collector.egg-info/top_level.txt
[0.625s] reading manifest file 'build/data_collector/data_collector.egg-info/SOURCES.txt'
[0.626s] writing manifest file 'build/data_collector/data_collector.egg-info/SOURCES.txt'
[0.626s] running build
[0.626s] running build_py
[0.627s] copying data_collector/my_node.py -> /home/aaditya/ardu_ws/src/data_collector/build/data_collector/build/lib/data_collector
[0.627s] copying data_collector/__init__.py -> /home/aaditya/ardu_ws/src/data_collector/build/data_collector/build/lib/data_collector
[0.627s] running install
[0.632s] running install_lib
[0.640s] copying /home/aaditya/ardu_ws/src/data_collector/build/data_collector/build/lib/data_collector/my_node.py -> /home/aaditya/ardu_ws/src/data_collector/install/data_collector/lib/python3.10/site-packages/data_collector
[0.641s] byte-compiling /home/aaditya/ardu_ws/src/data_collector/install/data_collector/lib/python3.10/site-packages/data_collector/my_node.py to my_node.cpython-310.pyc
[0.642s] running install_data
[0.643s] copying resource/data_collector -> /home/aaditya/ardu_ws/src/data_collector/install/data_collector/share/ament_index/resource_index/packages
[0.643s] copying package.xml -> /home/aaditya/ardu_ws/src/data_collector/install/data_collector/share/data_collector
[0.643s] running install_egg_info
[0.652s] removing '/home/aaditya/ardu_ws/src/data_collector/install/data_collector/lib/python3.10/site-packages/data_collector-0.0.0-py3.10.egg-info' (and everything under it)
[0.652s] Copying build/data_collector/data_collector.egg-info to /home/aaditya/ardu_ws/src/data_collector/install/data_collector/lib/python3.10/site-packages/data_collector-0.0.0-py3.10.egg-info
[0.652s] running install_scripts
[0.670s] Installing my_node script to /home/aaditya/ardu_ws/src/data_collector/install/data_collector/lib/data_collector
[0.670s] writing list of installed files to '/home/aaditya/ardu_ws/src/data_collector/build/data_collector/install.log'
[0.686s] Invoked command in '/home/aaditya/ardu_ws/src/data_collector' returned '0': PYTHONPATH=/home/aaditya/ardu_ws/src/data_collector/build/data_collector/prefix_override:/usr/lib/python3/dist-packages/colcon_core/task/python/colcon_distutils_commands:/home/aaditya/ardu_ws/src/data_collector/install/data_collector/lib/python3.10/site-packages:${PYTHONPATH} /usr/bin/python3 -W ignore:setup.py install is deprecated -W ignore:easy_install command is deprecated setup.py egg_info --egg-base build/data_collector build --build-base /home/aaditya/ardu_ws/src/data_collector/build/data_collector/build install --record /home/aaditya/ardu_ws/src/data_collector/build/data_collector/install.log --single-version-externally-managed install_data
