[0.431s] Invoking command in '/home/aaditya/ardu_ws/src/data_collector': PYTHONPATH=/home/aaditya/ardu_ws/src/data_collector/build/data_collector/prefix_override:/usr/lib/python3/dist-packages/colcon_core/task/python/colcon_distutils_commands:/home/aaditya/ardu_ws/src/data_collector/install/data_collector/lib/python3.10/site-packages:${PYTHONPATH} /usr/bin/python3 -W ignore:setup.py install is deprecated -W ignore:easy_install command is deprecated setup.py egg_info --egg-base build/data_collector build --build-base /home/aaditya/ardu_ws/src/data_collector/build/data_collector/build install --record /home/aaditya/ardu_ws/src/data_collector/build/data_collector/install.log --single-version-externally-managed install_data
[0.590s] running egg_info
[0.598s] writing build/data_collector/data_collector.egg-info/PKG-INFO
[0.598s] writing dependency_links to build/data_collector/data_collector.egg-info/dependency_links.txt
[0.598s] writing entry points to build/data_collector/data_collector.egg-info/entry_points.txt
[0.598s] writing requirements to build/data_collector/data_collector.egg-info/requires.txt
[0.598s] writing top-level names to build/data_collector/data_collector.egg-info/top_level.txt
[0.618s] reading manifest file 'build/data_collector/data_collector.egg-info/SOURCES.txt'
[0.618s] adding license file 'LICENSE'
[0.619s] writing manifest file 'build/data_collector/data_collector.egg-info/SOURCES.txt'
[0.619s] running build
[0.619s] running build_py
[0.620s] running install
[0.623s] running install_lib
[0.632s] running install_data
[0.632s] running install_egg_info
[0.642s] removing '/home/aaditya/ardu_ws/src/data_collector/install/data_collector/lib/python3.10/site-packages/data_collector-0.0.0-py3.10.egg-info' (and everything under it)
[0.642s] Copying build/data_collector/data_collector.egg-info to /home/aaditya/ardu_ws/src/data_collector/install/data_collector/lib/python3.10/site-packages/data_collector-0.0.0-py3.10.egg-info
[0.642s] running install_scripts
[0.660s] Installing my_node script to /home/aaditya/ardu_ws/src/data_collector/install/data_collector/lib/data_collector
[0.660s] writing list of installed files to '/home/aaditya/ardu_ws/src/data_collector/build/data_collector/install.log'
[0.676s] Invoked command in '/home/aaditya/ardu_ws/src/data_collector' returned '0': PYTHONPATH=/home/aaditya/ardu_ws/src/data_collector/build/data_collector/prefix_override:/usr/lib/python3/dist-packages/colcon_core/task/python/colcon_distutils_commands:/home/aaditya/ardu_ws/src/data_collector/install/data_collector/lib/python3.10/site-packages:${PYTHONPATH} /usr/bin/python3 -W ignore:setup.py install is deprecated -W ignore:easy_install command is deprecated setup.py egg_info --egg-base build/data_collector build --build-base /home/aaditya/ardu_ws/src/data_collector/build/data_collector/build install --record /home/aaditya/ardu_ws/src/data_collector/build/data_collector/install.log --single-version-externally-managed install_data
