[0.073s] DEBUG:colcon:Command line arguments: ['/usr/bin/colcon', 'build']
[0.073s] DEBUG:colcon:Parsed command line arguments: Namespace(log_base=None, log_level=None, verb_name='build', build_base='build', install_base='install', merge_install=False, symlink_install=False, test_result_base=None, continue_on_error=False, executor='parallel', parallel_workers=16, event_handlers=None, ignore_user_meta=False, metas=['./colcon.meta'], base_paths=['.'], packages_ignore=None, packages_ignore_regex=None, paths=None, packages_up_to=None, packages_up_to_regex=None, packages_above=None, packages_above_and_dependencies=None, packages_above_depth=None, packages_select_by_dep=None, packages_skip_by_dep=None, packages_skip_up_to=None, packages_select_build_failed=False, packages_skip_build_finished=False, packages_select_test_failures=False, packages_skip_test_passed=False, packages_select=None, packages_skip=None, packages_select_regex=None, packages_skip_regex=None, packages_start=None, packages_end=None, allow_overriding=[], cmake_args=None, cmake_target=None, cmake_target_skip_unavailable=False, cmake_clean_cache=False, cmake_clean_first=False, cmake_force_configure=False, ament_cmake_args=None, catkin_cmake_args=None, catkin_skip_building_tests=False, verb_parser=<colcon_defaults.argument_parser.defaults.DefaultArgumentsDecorator object at 0x72f63ce356c0>, verb_extension=<colcon_core.verb.build.BuildVerb object at 0x72f63ce34610>, main=<bound method BuildVerb.main of <colcon_core.verb.build.BuildVerb object at 0x72f63ce34610>>)
[0.103s] Level 1:colcon.colcon_core.package_discovery:discover_packages(colcon_meta) check parameters
[0.103s] Level 1:colcon.colcon_core.package_discovery:discover_packages(recursive) check parameters
[0.103s] Level 1:colcon.colcon_core.package_discovery:discover_packages(ignore) check parameters
[0.104s] Level 1:colcon.colcon_core.package_discovery:discover_packages(path) check parameters
[0.104s] Level 1:colcon.colcon_core.package_discovery:discover_packages(colcon_meta) discover
[0.104s] Level 1:colcon.colcon_core.package_discovery:discover_packages(recursive) discover
[0.104s] INFO:colcon.colcon_core.package_discovery:Crawling recursively for packages in '/home/aaditya/ardu_ws/src/data_collector'
[0.104s] Level 1:colcon.colcon_core.package_identification:_identify(.) by extensions ['ignore', 'ignore_ament_install']
[0.104s] Level 1:colcon.colcon_core.package_identification:_identify(.) by extension 'ignore'
[0.104s] Level 1:colcon.colcon_core.package_identification:_identify(.) by extension 'ignore_ament_install'
[0.104s] Level 1:colcon.colcon_core.package_identification:_identify(.) by extensions ['colcon_pkg']
[0.104s] Level 1:colcon.colcon_core.package_identification:_identify(.) by extension 'colcon_pkg'
[0.104s] Level 1:colcon.colcon_core.package_identification:_identify(.) by extensions ['colcon_meta']
[0.104s] Level 1:colcon.colcon_core.package_identification:_identify(.) by extension 'colcon_meta'
[0.104s] Level 1:colcon.colcon_core.package_identification:_identify(.) by extensions ['ros']
[0.104s] Level 1:colcon.colcon_core.package_identification:_identify(.) by extension 'ros'
[0.115s] DEBUG:colcon.colcon_core.package_identification:Package '.' with type 'ros.ament_python' and name 'data_collector'
[0.115s] Level 1:colcon.colcon_core.package_discovery:discover_packages(recursive) using defaults
[0.115s] Level 1:colcon.colcon_core.package_discovery:discover_packages(ignore) discover
[0.115s] Level 1:colcon.colcon_core.package_discovery:discover_packages(ignore) using defaults
[0.115s] Level 1:colcon.colcon_core.package_discovery:discover_packages(path) discover
[0.115s] Level 1:colcon.colcon_core.package_discovery:discover_packages(path) using defaults
[0.130s] Level 1:colcon.colcon_core.package_discovery:discover_packages(prefix_path) check parameters
[0.130s] Level 1:colcon.colcon_core.package_discovery:discover_packages(prefix_path) discover
[0.131s] DEBUG:colcon.colcon_installed_package_information.package_discovery:Found 5 installed packages in /home/aaditya/ardu_ws/install
[0.132s] DEBUG:colcon.colcon_installed_package_information.package_discovery:Found 276 installed packages in /opt/ros/humble
[0.133s] Level 1:colcon.colcon_core.package_discovery:discover_packages(prefix_path) using defaults
[0.177s] Level 5:colcon.colcon_core.verb:set package 'data_collector' build argument 'cmake_args' from command line to 'None'
[0.177s] Level 5:colcon.colcon_core.verb:set package 'data_collector' build argument 'cmake_target' from command line to 'None'
[0.177s] Level 5:colcon.colcon_core.verb:set package 'data_collector' build argument 'cmake_target_skip_unavailable' from command line to 'False'
[0.177s] Level 5:colcon.colcon_core.verb:set package 'data_collector' build argument 'cmake_clean_cache' from command line to 'False'
[0.177s] Level 5:colcon.colcon_core.verb:set package 'data_collector' build argument 'cmake_clean_first' from command line to 'False'
[0.177s] Level 5:colcon.colcon_core.verb:set package 'data_collector' build argument 'cmake_force_configure' from command line to 'False'
[0.177s] Level 5:colcon.colcon_core.verb:set package 'data_collector' build argument 'ament_cmake_args' from command line to 'None'
[0.177s] Level 5:colcon.colcon_core.verb:set package 'data_collector' build argument 'catkin_cmake_args' from command line to 'None'
[0.177s] Level 5:colcon.colcon_core.verb:set package 'data_collector' build argument 'catkin_skip_building_tests' from command line to 'False'
[0.177s] DEBUG:colcon.colcon_core.verb:Building package 'data_collector' with the following arguments: {'ament_cmake_args': None, 'build_base': '/home/aaditya/ardu_ws/src/data_collector/build/data_collector', 'catkin_cmake_args': None, 'catkin_skip_building_tests': False, 'cmake_args': None, 'cmake_clean_cache': False, 'cmake_clean_first': False, 'cmake_force_configure': False, 'cmake_target': None, 'cmake_target_skip_unavailable': False, 'install_base': '/home/aaditya/ardu_ws/src/data_collector/install/data_collector', 'merge_install': False, 'path': '/home/aaditya/ardu_ws/src/data_collector', 'symlink_install': False, 'test_result_base': None}
[0.177s] INFO:colcon.colcon_core.executor:Executing jobs using 'parallel' executor
[0.178s] DEBUG:colcon.colcon_parallel_executor.executor.parallel:run_until_complete
[0.178s] INFO:colcon.colcon_ros.task.ament_python.build:Building ROS package in '/home/aaditya/ardu_ws/src/data_collector' with build type 'ament_python'
[0.178s] Level 1:colcon.colcon_core.shell:create_environment_hook('data_collector', 'ament_prefix_path')
[0.180s] INFO:colcon.colcon_core.plugin_system:Skipping extension 'colcon_core.shell.bat': Not used on non-Windows systems
[0.180s] INFO:colcon.colcon_core.shell:Creating environment hook '/home/aaditya/ardu_ws/src/data_collector/install/data_collector/share/data_collector/hook/ament_prefix_path.ps1'
[0.180s] INFO:colcon.colcon_core.shell:Creating environment descriptor '/home/aaditya/ardu_ws/src/data_collector/install/data_collector/share/data_collector/hook/ament_prefix_path.dsv'
[0.181s] INFO:colcon.colcon_core.shell:Creating environment hook '/home/aaditya/ardu_ws/src/data_collector/install/data_collector/share/data_collector/hook/ament_prefix_path.sh'
[0.181s] INFO:colcon.colcon_core.shell:Skip shell extension 'powershell' for command environment: Not usable outside of PowerShell
[0.181s] DEBUG:colcon.colcon_core.shell:Skip shell extension 'dsv' for command environment
[0.323s] INFO:colcon.colcon_core.task.python.build:Building Python package in '/home/aaditya/ardu_ws/src/data_collector'
[0.323s] INFO:colcon.colcon_core.shell:Skip shell extension 'powershell' for command environment: Not usable outside of PowerShell
[0.323s] DEBUG:colcon.colcon_core.shell:Skip shell extension 'dsv' for command environment
[0.650s] DEBUG:colcon.colcon_core.event_handler.log_command:Invoking command in '/home/aaditya/ardu_ws/src/data_collector': PYTHONPATH=/home/aaditya/ardu_ws/src/data_collector/build/data_collector/prefix_override:/usr/lib/python3/dist-packages/colcon_core/task/python/colcon_distutils_commands:/home/aaditya/ardu_ws/src/data_collector/install/data_collector/lib/python3.10/site-packages:${PYTHONPATH} /usr/bin/python3 -W ignore:setup.py install is deprecated -W ignore:easy_install command is deprecated setup.py egg_info --egg-base build/data_collector build --build-base /home/aaditya/ardu_ws/src/data_collector/build/data_collector/build install --record /home/aaditya/ardu_ws/src/data_collector/build/data_collector/install.log --single-version-externally-managed install_data
[0.899s] DEBUG:colcon.colcon_core.event_handler.log_command:Invoked command in '/home/aaditya/ardu_ws/src/data_collector' returned '0': PYTHONPATH=/home/aaditya/ardu_ws/src/data_collector/build/data_collector/prefix_override:/usr/lib/python3/dist-packages/colcon_core/task/python/colcon_distutils_commands:/home/aaditya/ardu_ws/src/data_collector/install/data_collector/lib/python3.10/site-packages:${PYTHONPATH} /usr/bin/python3 -W ignore:setup.py install is deprecated -W ignore:easy_install command is deprecated setup.py egg_info --egg-base build/data_collector build --build-base /home/aaditya/ardu_ws/src/data_collector/build/data_collector/build install --record /home/aaditya/ardu_ws/src/data_collector/build/data_collector/install.log --single-version-externally-managed install_data
[0.903s] Level 1:colcon.colcon_core.environment:checking '/home/aaditya/ardu_ws/src/data_collector/install/data_collector' for CMake module files
[0.904s] Level 1:colcon.colcon_core.environment:checking '/home/aaditya/ardu_ws/src/data_collector/install/data_collector' for CMake config files
[0.905s] Level 1:colcon.colcon_core.environment:checking '/home/aaditya/ardu_ws/src/data_collector/install/data_collector/lib'
[0.905s] Level 1:colcon.colcon_core.environment:checking '/home/aaditya/ardu_ws/src/data_collector/install/data_collector/bin'
[0.905s] Level 1:colcon.colcon_core.environment:checking '/home/aaditya/ardu_ws/src/data_collector/install/data_collector/lib/pkgconfig/data_collector.pc'
[0.906s] Level 1:colcon.colcon_core.environment:checking '/home/aaditya/ardu_ws/src/data_collector/install/data_collector/lib/python3.10/site-packages'
[0.906s] Level 1:colcon.colcon_core.shell:create_environment_hook('data_collector', 'pythonpath')
[0.906s] INFO:colcon.colcon_core.shell:Creating environment hook '/home/aaditya/ardu_ws/src/data_collector/install/data_collector/share/data_collector/hook/pythonpath.ps1'
[0.906s] INFO:colcon.colcon_core.shell:Creating environment descriptor '/home/aaditya/ardu_ws/src/data_collector/install/data_collector/share/data_collector/hook/pythonpath.dsv'
[0.907s] INFO:colcon.colcon_core.shell:Creating environment hook '/home/aaditya/ardu_ws/src/data_collector/install/data_collector/share/data_collector/hook/pythonpath.sh'
[0.907s] Level 1:colcon.colcon_core.environment:checking '/home/aaditya/ardu_ws/src/data_collector/install/data_collector/bin'
[0.907s] Level 1:colcon.colcon_core.environment:create_environment_scripts_only(data_collector)
[0.907s] INFO:colcon.colcon_core.shell:Creating package script '/home/aaditya/ardu_ws/src/data_collector/install/data_collector/share/data_collector/package.ps1'
[0.908s] INFO:colcon.colcon_core.shell:Creating package descriptor '/home/aaditya/ardu_ws/src/data_collector/install/data_collector/share/data_collector/package.dsv'
[0.908s] INFO:colcon.colcon_core.shell:Creating package script '/home/aaditya/ardu_ws/src/data_collector/install/data_collector/share/data_collector/package.sh'
[0.908s] INFO:colcon.colcon_core.shell:Creating package script '/home/aaditya/ardu_ws/src/data_collector/install/data_collector/share/data_collector/package.bash'
[0.909s] INFO:colcon.colcon_core.shell:Creating package script '/home/aaditya/ardu_ws/src/data_collector/install/data_collector/share/data_collector/package.zsh'
[0.909s] Level 1:colcon.colcon_core.environment:create_file_with_runtime_dependencies(/home/aaditya/ardu_ws/src/data_collector/install/data_collector/share/colcon-core/packages/data_collector)
[0.909s] DEBUG:colcon.colcon_parallel_executor.executor.parallel:closing loop
[0.910s] DEBUG:colcon.colcon_parallel_executor.executor.parallel:loop closed
[0.910s] DEBUG:colcon.colcon_parallel_executor.executor.parallel:run_until_complete finished with '0'
[0.910s] DEBUG:colcon.colcon_core.event_reactor:joining thread
[0.913s] INFO:colcon.colcon_core.plugin_system:Skipping extension 'colcon_notification.desktop_notification.terminal_notifier': Not used on non-Darwin systems
[0.914s] INFO:colcon.colcon_core.plugin_system:Skipping extension 'colcon_notification.desktop_notification.win32': Not used on non-Windows systems
[0.914s] INFO:colcon.colcon_notification.desktop_notification:Sending desktop notification using 'notify2'
[0.925s] DEBUG:colcon.colcon_core.event_reactor:joined thread
[0.926s] INFO:colcon.colcon_core.shell:Creating prefix script '/home/aaditya/ardu_ws/src/data_collector/install/local_setup.ps1'
[0.928s] INFO:colcon.colcon_core.shell:Creating prefix util module '/home/aaditya/ardu_ws/src/data_collector/install/_local_setup_util_ps1.py'
[0.931s] INFO:colcon.colcon_core.shell:Creating prefix chain script '/home/aaditya/ardu_ws/src/data_collector/install/setup.ps1'
[0.933s] INFO:colcon.colcon_core.shell:Creating prefix script '/home/aaditya/ardu_ws/src/data_collector/install/local_setup.sh'
[0.935s] INFO:colcon.colcon_core.shell:Creating prefix util module '/home/aaditya/ardu_ws/src/data_collector/install/_local_setup_util_sh.py'
[0.936s] INFO:colcon.colcon_core.shell:Creating prefix chain script '/home/aaditya/ardu_ws/src/data_collector/install/setup.sh'
[0.937s] INFO:colcon.colcon_core.shell:Creating prefix script '/home/aaditya/ardu_ws/src/data_collector/install/local_setup.bash'
[0.938s] INFO:colcon.colcon_core.shell:Creating prefix chain script '/home/aaditya/ardu_ws/src/data_collector/install/setup.bash'
[0.940s] INFO:colcon.colcon_core.shell:Creating prefix script '/home/aaditya/ardu_ws/src/data_collector/install/local_setup.zsh'
[0.940s] INFO:colcon.colcon_core.shell:Creating prefix chain script '/home/aaditya/ardu_ws/src/data_collector/install/setup.zsh'
